<?xml version="1.0" encoding="UTF-8"?>
<coverage generated="1713609191699" clover="3.2.0">
  <project timestamp="1713609191699" name="All files">
    <metrics statements="25" coveredstatements="23" conditionals="7" coveredconditionals="6" methods="5" coveredmethods="5" elements="37" coveredelements="34" complexity="0" loc="25" ncloc="25" packages="1" files="5" classes="5"/>
    <file name="chaines.js" path="C:\Users\user\Desktop\Noureddine\gl4\s2\test\tp1\src\chaines.js">
      <metrics statements="4" coveredstatements="4" conditionals="1" coveredconditionals="1" methods="1" coveredmethods="1"/>
      <line num="1" count="3" type="cond" truecount="1" falsecount="0"/>
      <line num="2" count="3" type="stmt"/>
      <line num="3" count="3" type="stmt"/>
      <line num="4" count="1" type="stmt"/>
    </file>
    <file name="fetchUser.js" path="C:\Users\user\Desktop\Noureddine\gl4\s2\test\tp1\src\fetchUser.js">
      <metrics statements="8" coveredstatements="6" conditionals="2" coveredconditionals="1" methods="1" coveredmethods="1"/>
      <line num="1" count="1" type="cond" truecount="1" falsecount="0"/>
      <line num="2" count="1" type="stmt"/>
      <line num="3" count="1" type="cond" truecount="0" falsecount="1"/>
      <line num="4" count="0" type="stmt"/>
      <line num="5" count="0" type="stmt"/>
      <line num="6" count="1" type="stmt"/>
      <line num="7" count="1" type="stmt"/>
      <line num="8" count="1" type="stmt"/>
    </file>
    <file name="math.js" path="C:\Users\user\Desktop\Noureddine\gl4\s2\test\tp1\src\math.js">
      <metrics statements="5" coveredstatements="5" conditionals="1" coveredconditionals="1" methods="1" coveredmethods="1"/>
      <line num="1" count="1" type="cond" truecount="1" falsecount="0"/>
      <line num="2" count="1" type="stmt"/>
      <line num="3" count="1" type="stmt"/>
      <line num="4" count="1" type="stmt"/>
      <line num="5" count="1" type="stmt"/>
    </file>
    <file name="range.js" path="C:\Users\user\Desktop\Noureddine\gl4\s2\test\tp1\src\range.js">
      <metrics statements="3" coveredstatements="3" conditionals="2" coveredconditionals="2" methods="1" coveredmethods="1"/>
      <line num="1" count="1" type="cond" truecount="1" falsecount="0"/>
      <line num="2" count="5" type="cond" truecount="1" falsecount="0"/>
      <line num="3" count="5" type="stmt"/>
    </file>
    <file name="tri.js" path="C:\Users\user\Desktop\Noureddine\gl4\s2\test\tp1\src\tri.js">
      <metrics statements="5" coveredstatements="5" conditionals="1" coveredconditionals="1" methods="1" coveredmethods="1"/>
      <line num="1" count="5" type="cond" truecount="1" falsecount="0"/>
      <line num="2" count="5" type="stmt"/>
      <line num="3" count="5" type="stmt"/>
      <line num="4" count="1" type="stmt"/>
      <line num="5" count="1" type="stmt"/>
    </file>
  </project>
</coverage>
